Port 5000 in use. Trying next...
SCDM backend running on http://localhost:5001
Live appData.json: /Applications/XAMPP/xamppfiles/htdocs/firebase sloane hub/ui/marketplace-ui-react/backend/appData.json
Snapshots dir:     /Applications/XAMPP/xamppfiles/htdocs/firebase sloane hub/ui/marketplace-ui-react/backend/secrets/lms_snapshots
[0mGET /api/data/vendors [32m200[0m 5.340 ms - 2[0m
[0mGET /api/data/vendors [36m304[0m 4.031 ms - -[0m
[0mPOST /api/data/vendors [32m201[0m 371.349 ms - 494[0m
[0mGET /api/data/vendors [32m200[0m 1.295 ms - 496[0m
[0mGET /api/data/vendors [36m304[0m 1.437 ms - -[0m
[0mGET /api/data/vendors [36m304[0m 0.747 ms - -[0m
[0mGET /api/data/vendors [36m304[0m 2.476 ms - -[0m
[0mPUT /api/data/vendors/tAsFySNxnsW4a7L43wMRVLkJAqE3 [32m200[0m 6.559 ms - 506[0m
[0mPUT /api/data/vendors/tAsFySNxnsW4a7L43wMRVLkJAqE3 [32m200[0m 4.790 ms - 504[0m
[0mPUT /api/data/vendors/tAsFySNxnsW4a7L43wMRVLkJAqE3 [32m200[0m 4.265 ms - 511[0m
[0mPUT /api/data/vendors/tAsFySNxnsW4a7L43wMRVLkJAqE3 [32m200[0m 5.336 ms - 511[0m
[0mGET /api/data/vendors [32m200[0m 3.394 ms - 513[0m
[0mGET /api/data/vendors [36m304[0m 2.560 ms - -[0m
[0mGET /api/data/vendors [36m304[0m 2.971 ms - -[0m
[0mGET /api/data/vendors [36m304[0m 1.989 ms - -[0m
[0mGET /api/data/vendors [36m304[0m 1.919 ms - -[0m
[0mGET /api/data/vendors [36m304[0m 2.481 ms - -[0m
[0mGET /api/data/vendors [36m304[0m 1.070 ms - -[0m
[0mGET /api/data/vendors [36m304[0m 1.194 ms - -[0m
[0mGET /api/data/vendors [36m304[0m 1.619 ms - -[0m
[0mGET /api/data/vendors [36m304[0m 1.378 ms - -[0m
[0mGET /api/data/vendors [36m304[0m 2.106 ms - -[0m
[0mGET /api/data/vendors [36m304[0m 3.812 ms - -[0m
[0mGET /api/data/vendors [36m304[0m 2.696 ms - -[0m
[0mGET /api/data/vendors [36m304[0m 2.885 ms - -[0m
[0mGET /api/data/vendors [36m304[0m 2.688 ms - -[0m
[0mGET /api/data/vendors [36m304[0m 1.890 ms - -[0m
[0mGET /api/data/vendors [36m304[0m 0.913 ms - -[0m
[0mGET /api/data/vendors [36m304[0m 4.572 ms - -[0m
[0mGET /api/data/vendors [36m304[0m 1.435 ms - -[0m
[0mGET /api/data/vendors [36m304[0m 0.953 ms - -[0m
[0mGET /api/data/vendors [36m304[0m 1.045 ms - -[0m
[0mGET /api/data/vendors [36m304[0m 3.696 ms - -[0m
[0mGET /api/data/vendors [36m304[0m 1.361 ms - -[0m
[0mGET /api/data/vendors [36m304[0m 3.260 ms - -[0m
[0mGET /api/data/vendors [36m304[0m 2.707 ms - -[0m
[0mGET /api/data/vendors [36m304[0m 1.688 ms - -[0m
[0mGET /api/data/vendors [36m304[0m 2.619 ms - -[0m
[0mGET /api/data/vendors [36m304[0m 1.711 ms - -[0m
[0mGET /api/data/vendors [36m304[0m 1.819 ms - -[0m
[0mGET /api/data/vendors [36m304[0m 2.856 ms - -[0m
[0mGET /api/data/vendors [36m304[0m 1.742 ms - -[0m
[0mGET /api/data/vendors [36m304[0m 2.269 ms - -[0m
[0mGET /api/data/vendors [36m304[0m 1.292 ms - -[0m
[0mGET /api/data/vendors [36m304[0m 1.089 ms - -[0m
[0mGET /api/data/vendors [36m304[0m 1.331 ms - -[0m
[0mGET /api/data/vendors [36m304[0m 1.711 ms - -[0m
[0mGET /api/data/vendors [36m304[0m 1.678 ms - -[0m
[0mGET /api/data/vendors [36m304[0m 1.317 ms - -[0m
[0mGET /api/data/vendors [36m304[0m 1.118 ms - -[0m
[0mGET /api/data/vendors [36m304[0m 2.349 ms - -[0m
[0mGET /api/data/vendors [36m304[0m 1.306 ms - -[0m
[0mGET /api/data/vendors [36m304[0m 1.400 ms - -[0m
[0mGET /api/data/vendors [36m304[0m 2.920 ms - -[0m
[0mGET /api/data/vendors [36m304[0m 1.560 ms - -[0m
[0mGET /api/data/vendors [36m304[0m 2.172 ms - -[0m
[0mGET /api/data/vendors [36m304[0m 1.938 ms - -[0m
[0mGET /api/data/vendors [36m304[0m 3.535 ms - -[0m
[0mGET /api/data/vendors [36m304[0m 3.063 ms - -[0m
[0mGET /api/data/vendors [36m304[0m 2.256 ms - -[0m
[0mGET /api/data/vendors [36m304[0m 3.282 ms - -[0m
[0mGET /api/data/vendors [36m304[0m 5.468 ms - -[0m
[0mGET /api/data/vendors [36m304[0m 0.582 ms - -[0m
[0mGET /api/data/vendors [36m304[0m 1.100 ms - -[0m
[0mGET /api/data/vendors [36m304[0m 1.368 ms - -[0m
[0mGET /api/data/vendors [36m304[0m 1.574 ms - -[0m
[0mGET /api/data/vendors [36m304[0m 1.883 ms - -[0m
[0mGET /api/data/vendors [36m304[0m 3.002 ms - -[0m
[0mGET /api/data/vendors [36m304[0m 1.394 ms - -[0m
[0mGET /api/data/vendors [36m304[0m 2.914 ms - -[0m
[0mGET /api/data/vendors [36m304[0m 4.684 ms - -[0m
[0mGET /api/data/vendors [36m304[0m 4.640 ms - -[0m
[0mGET /api/data/vendors [36m304[0m 4.037 ms - -[0m
[0mGET /api/data/vendors [36m304[0m 3.135 ms - -[0m
[0mGET /api/data/vendors [36m304[0m 1.258 ms - -[0m
[0mGET /api/data/vendors [36m304[0m 0.497 ms - -[0m
[0mGET /api/data/vendors [36m304[0m 1.235 ms - -[0m
[0mGET /api/data/vendors [36m304[0m 2.949 ms - -[0m
[0mGET /api/data/vendors [36m304[0m 1.536 ms - -[0m
[0mGET /api/data/vendors [36m304[0m 1.422 ms - -[0m
[0mGET /api/data/vendors [36m304[0m 2.197 ms - -[0m
[0mGET /api/data/vendors [36m304[0m 0.976 ms - -[0m
[0mGET /api/data/vendors [36m304[0m 1.534 ms - -[0m
[0mGET /api/data/vendors [36m304[0m 1.363 ms - -[0m
[0mGET /api/data/vendors [36m304[0m 3.197 ms - -[0m
[0mGET /api/data/vendors [36m304[0m 1.808 ms - -[0m
[0mGET /api/data/vendors [36m304[0m 1.783 ms - -[0m
[0mGET /api/data/vendors [36m304[0m 1.469 ms - -[0m
[0mGET /api/data/vendors [36m304[0m 1.163 ms - -[0m
[0mGET /api/data/vendors [36m304[0m 1.498 ms - -[0m
[0mGET /api/data/vendors [36m304[0m 1.620 ms - -[0m
[0mGET /api/data/vendors [36m304[0m 3.733 ms - -[0m
[0mGET /api/data/vendors [36m304[0m 4.256 ms - -[0m
[0mGET /api/data/vendors [36m304[0m 1.698 ms - -[0m
[0mPUT /api/data/vendors/YfdOMCYYhHbfdsehSvMXEcutjHe2 [33m404[0m 10.447 ms - 40[0m
[0mGET /api/data/vendors [36m304[0m 2.221 ms - -[0m
[0mGET /api/data/vendors [36m304[0m 1.402 ms - -[0m
[0mGET /api/data/vendors [36m304[0m 1.060 ms - -[0m
[0mGET /api/data/vendors [36m304[0m 1.360 ms - -[0m
[0mGET /api/data/vendors [36m304[0m 2.039 ms - -[0m
[0mGET /api/data/vendors [36m304[0m 1.236 ms - -[0m
[0mPOST /api/data/vendors [32m201[0m 5.916 ms - 484[0m
[0mPOST /api/data/vendors [32m200[0m 2.780 ms - 484[0m
[0mGET /api/data/vendors [32m200[0m 0.600 ms - 998[0m
[0mGET /api/data/vendors [36m304[0m 0.442 ms - -[0m
[0mGET /api/data/vendors [36m304[0m 1.098 ms - -[0m
[0mGET /api/data/vendors [36m304[0m 2.470 ms - -[0m
[0mGET /api/data/vendors [36m304[0m 1.073 ms - -[0m
[0mGET /api/data/vendors [36m304[0m 2.340 ms - -[0m
[0mGET /api/data/vendors [36m304[0m 3.648 ms - -[0m
[0mGET /api/data/vendors [36m304[0m 4.057 ms - -[0m
[0mPOST /api/data/vendors [32m200[0m 8.357 ms - 496[0m
[0mGET /api/data/vendors [32m200[0m 2.489 ms - 1010[0m
[0mPOST /api/data/vendors [32m200[0m 5.699 ms - 484[0m
[0mGET /api/data/vendors [32m200[0m 1.090 ms - 998[0m
[0mGET /api/data/vendors [36m304[0m 1.063 ms - -[0m
[0mGET /api/data/vendors [36m304[0m 3.188 ms - -[0m
[0mPUT /api/data/vendors/YfdOMCYYhHbfdsehSvMXEcutjHe2 [32m200[0m 9.133 ms - 526[0m
[0mGET /api/data/vendors [32m200[0m 1.819 ms - 1040[0m
[0mGET /api/data/vendors [36m304[0m 2.834 ms - -[0m
[0mGET /api/data/vendors [36m304[0m 1.864 ms - -[0m
[0mGET /api/data/vendors [36m304[0m 1.671 ms - -[0m
[0mGET /api/data/vendors [36m304[0m 3.567 ms - -[0m
[0mPUT /api/data/vendors/YfdOMCYYhHbfdsehSvMXEcutjHe2 [32m200[0m 5.306 ms - 526[0m
[0mGET /api/data/vendors [32m200[0m 5.513 ms - 1040[0m
[0mGET /api/data/vendors [36m304[0m 2.425 ms - -[0m
[0mGET /api/data/vendors [36m304[0m 2.265 ms - -[0m
[0mGET /api/data/vendors [36m304[0m 1.312 ms - -[0m
[0mGET /api/data/vendors [36m304[0m 1.993 ms - -[0m
[0mGET /api/data/vendors [36m304[0m 4.176 ms - -[0m
[0mGET /api/data/vendors [36m304[0m 1.269 ms - -[0m
[0mGET /api/data/vendors [36m304[0m 1.145 ms - -[0m
[0mGET /api/data/vendors [36m304[0m 2.871 ms - -[0m
[0mGET /api/data/vendors [36m304[0m 1.797 ms - -[0m
[0mGET /api/data/vendors [36m304[0m 1.495 ms - -[0m
[0mGET /api/data/vendors [36m304[0m 2.261 ms - -[0m
[0mGET /api/data/vendors [36m304[0m 2.064 ms - -[0m
[0mGET /api/data/vendors [36m304[0m 2.248 ms - -[0m
[0mGET /api/data/vendors [36m304[0m 1.715 ms - -[0m
[0mGET /api/data/vendors [36m304[0m 1.208 ms - -[0m
[0mGET /api/data/vendors [36m304[0m 1.449 ms - -[0m
[0mGET /api/data/vendors [36m304[0m 1.626 ms - -[0m
[0mGET /api/data/vendors [36m304[0m 1.443 ms - -[0m
[0mGET /api/data/vendors [36m304[0m 2.694 ms - -[0m
[0mGET /api/data/vendors [36m304[0m 2.204 ms - -[0m
[0mGET /api/data/vendors [36m304[0m 4.122 ms - -[0m
[0mGET /api/data/vendors [36m304[0m 2.118 ms - -[0m
[0mGET /api/data/vendors [36m304[0m 2.347 ms - -[0m
[0mGET /api/data/vendors [36m304[0m 4.586 ms - -[0m
[0mGET /api/data/vendors [36m304[0m 2.358 ms - -[0m
[0mGET /api/data/vendors [36m304[0m 2.586 ms - -[0m
[0mGET /api/data/vendors [36m304[0m 0.810 ms - -[0m
[0mGET /api/data/vendors [36m304[0m 1.009 ms - -[0m
[0mGET /api/data/vendors [36m304[0m 3.349 ms - -[0m
[0mGET /api/data/vendors [36m304[0m 1.377 ms - -[0m
[0mGET /api/data/vendors [36m304[0m 0.944 ms - -[0m
[0mGET /api/data/vendors [36m304[0m 3.921 ms - -[0m
[0mGET /api/data/vendors [36m304[0m 2.053 ms - -[0m
[0mGET /api/data/vendors [36m304[0m 2.367 ms - -[0m
[0mGET /api/data/vendors [36m304[0m 2.560 ms - -[0m
[0mGET /api/data/vendors [36m304[0m 1.596 ms - -[0m
[0mGET /api/data/vendors [36m304[0m 2.744 ms - -[0m
[0mGET /api/data/vendors [36m304[0m 1.927 ms - -[0m
[0mGET /api/data/vendors [36m304[0m 1.873 ms - -[0m
[0mGET /api/data/vendors [36m304[0m 1.762 ms - -[0m
[0mGET /api/data/vendors [36m304[0m 3.555 ms - -[0m
[0mGET /api/data/vendors [36m304[0m 1.669 ms - -[0m
[0mGET /api/data/vendors [36m304[0m 1.394 ms - -[0m
[0mGET /api/data/vendors [36m304[0m 1.925 ms - -[0m
[0mGET /api/data/vendors [36m304[0m 10.214 ms - -[0m
[0mGET /api/data/vendors [36m304[0m 0.573 ms - -[0m
[0mGET /api/data/vendors [36m304[0m 1.270 ms - -[0m
[0mGET /api/data/vendors [36m304[0m 2.875 ms - -[0m
[0mGET /api/data/vendors [36m304[0m 1.419 ms - -[0m
[0mGET /api/data/vendors [36m304[0m 1.758 ms - -[0m
[0mGET /api/data/vendors [36m304[0m 2.280 ms - -[0m
[0mGET /api/data/vendors [36m304[0m 1.312 ms - -[0m
[0mGET /api/data/vendors [32m200[0m 0.901 ms - 1040[0m
[0mGET /api/data/vendors [36m304[0m 1.364 ms - -[0m
[0mGET /api/data/vendors [36m304[0m 1.818 ms - -[0m
[0mGET /api/data/vendors [36m304[0m 3.377 ms - -[0m
[0mGET /api/data/vendors [36m304[0m 3.294 ms - -[0m
[0mGET /api/data/vendors [36m304[0m 2.540 ms - -[0m
