You have triggered an unhandledRejection, you may have forgotten to catch a Promise rejection:
Error: Cannot find module '/Applications/XAMPP/xamppfiles/htdocs/firebase sloane hub/ui/marketplace-ui-react/backend/config/firestore.js' imported from /Applications/XAMPP/xamppfiles/htdocs/firebase sloane hub/ui/marketplace-ui-react/backend/routes/externalApps.js
    at finalizeResolution (node:internal/modules/esm/resolve:274:11)
    at moduleResolve (node:internal/modules/esm/resolve:859:10)
    at defaultResolve (node:internal/modules/esm/resolve:983:11)
    at ModuleLoader.defaultResolve (node:internal/modules/esm/loader:801:12)
    at ModuleLoader.#cachedDefaultResolve (node:internal/modules/esm/loader:725:25)
    at ModuleLoader.resolve (node:internal/modules/esm/loader:708:38)
    at ModuleLoader.getModuleJobForImport (node:internal/modules/esm/loader:309:38)
    at ModuleJob.#link (node:internal/modules/esm/module_job:208:49)
    at processTicksAndRejections (node:internal/process/task_queues:105:5)
You have triggered an unhandledRejection, you may have forgotten to catch a Promise rejection:
Error: Cannot find module '/Applications/XAMPP/xamppfiles/htdocs/firebase sloane hub/ui/marketplace-ui-react/backend/config/firestore.js' imported from /Applications/XAMPP/xamppfiles/htdocs/firebase sloane hub/ui/marketplace-ui-react/backend/routes/externalApps.js
    at finalizeResolution (node:internal/modules/esm/resolve:274:11)
    at moduleResolve (node:internal/modules/esm/resolve:859:10)
    at defaultResolve (node:internal/modules/esm/resolve:983:11)
    at ModuleLoader.defaultResolve (node:internal/modules/esm/loader:801:12)
    at ModuleLoader.#cachedDefaultResolve (node:internal/modules/esm/loader:725:25)
    at ModuleLoader.resolve (node:internal/modules/esm/loader:708:38)
    at ModuleLoader.getModuleJobForImport (node:internal/modules/esm/loader:309:38)
    at ModuleJob.#link (node:internal/modules/esm/module_job:208:49)
    at processTicksAndRejections (node:internal/process/task_queues:105:5)
You have triggered an unhandledRejection, you may have forgotten to catch a Promise rejection:
Error: Cannot find module '/Applications/XAMPP/xamppfiles/htdocs/firebase sloane hub/ui/marketplace-ui-react/backend/config/firestore.js' imported from /Applications/XAMPP/xamppfiles/htdocs/firebase sloane hub/ui/marketplace-ui-react/backend/routes/externalApps.js
    at finalizeResolution (node:internal/modules/esm/resolve:274:11)
    at moduleResolve (node:internal/modules/esm/resolve:859:10)
    at defaultResolve (node:internal/modules/esm/resolve:983:11)
    at ModuleLoader.defaultResolve (node:internal/modules/esm/loader:801:12)
    at ModuleLoader.#cachedDefaultResolve (node:internal/modules/esm/loader:725:25)
    at ModuleLoader.resolve (node:internal/modules/esm/loader:708:38)
    at ModuleLoader.getModuleJobForImport (node:internal/modules/esm/loader:309:38)
    at ModuleJob.#link (node:internal/modules/esm/module_job:208:49)
    at processTicksAndRejections (node:internal/process/task_queues:105:5)
You have triggered an unhandledRejection, you may have forgotten to catch a Promise rejection:
Error: Cannot find module '/Applications/XAMPP/xamppfiles/htdocs/firebase sloane hub/ui/marketplace-ui-react/backend/config/firestore.js' imported from /Applications/XAMPP/xamppfiles/htdocs/firebase sloane hub/ui/marketplace-ui-react/backend/routes/externalApps.js
    at finalizeResolution (node:internal/modules/esm/resolve:274:11)
    at moduleResolve (node:internal/modules/esm/resolve:859:10)
    at defaultResolve (node:internal/modules/esm/resolve:983:11)
    at ModuleLoader.defaultResolve (node:internal/modules/esm/loader:801:12)
    at ModuleLoader.#cachedDefaultResolve (node:internal/modules/esm/loader:725:25)
    at ModuleLoader.resolve (node:internal/modules/esm/loader:708:38)
    at ModuleLoader.getModuleJobForImport (node:internal/modules/esm/loader:309:38)
    at ModuleJob.#link (node:internal/modules/esm/module_job:208:49)
    at processTicksAndRejections (node:internal/process/task_queues:105:5)
You have triggered an unhandledRejection, you may have forgotten to catch a Promise rejection:
Error: Cannot find module '/Applications/XAMPP/xamppfiles/htdocs/firebase sloane hub/ui/marketplace-ui-react/backend/config/firestore.js' imported from /Applications/XAMPP/xamppfiles/htdocs/firebase sloane hub/ui/marketplace-ui-react/backend/routes/externalApps.js
    at finalizeResolution (node:internal/modules/esm/resolve:274:11)
    at moduleResolve (node:internal/modules/esm/resolve:859:10)
    at defaultResolve (node:internal/modules/esm/resolve:983:11)
    at ModuleLoader.defaultResolve (node:internal/modules/esm/loader:801:12)
    at ModuleLoader.#cachedDefaultResolve (node:internal/modules/esm/loader:725:25)
    at ModuleLoader.resolve (node:internal/modules/esm/loader:708:38)
    at ModuleLoader.getModuleJobForImport (node:internal/modules/esm/loader:309:38)
    at ModuleJob.#link (node:internal/modules/esm/module_job:208:49)
    at processTicksAndRejections (node:internal/process/task_queues:105:5)
You have triggered an unhandledRejection, you may have forgotten to catch a Promise rejection:
Error: Cannot find module '/Applications/XAMPP/xamppfiles/htdocs/firebase sloane hub/ui/marketplace-ui-react/backend/config/firestore.js' imported from /Applications/XAMPP/xamppfiles/htdocs/firebase sloane hub/ui/marketplace-ui-react/backend/routes/externalApps.js
    at finalizeResolution (node:internal/modules/esm/resolve:274:11)
    at moduleResolve (node:internal/modules/esm/resolve:859:10)
    at defaultResolve (node:internal/modules/esm/resolve:983:11)
    at ModuleLoader.defaultResolve (node:internal/modules/esm/loader:801:12)
    at ModuleLoader.#cachedDefaultResolve (node:internal/modules/esm/loader:725:25)
    at ModuleLoader.resolve (node:internal/modules/esm/loader:708:38)
    at ModuleLoader.getModuleJobForImport (node:internal/modules/esm/loader:309:38)
    at ModuleJob.#link (node:internal/modules/esm/module_job:208:49)
    at processTicksAndRejections (node:internal/process/task_queues:105:5)
You have triggered an unhandledRejection, you may have forgotten to catch a Promise rejection:
Error: Cannot find module '/Applications/XAMPP/xamppfiles/htdocs/firebase sloane hub/ui/marketplace-ui-react/backend/config/firestore.js' imported from /Applications/XAMPP/xamppfiles/htdocs/firebase sloane hub/ui/marketplace-ui-react/backend/routes/externalApps.js
    at finalizeResolution (node:internal/modules/esm/resolve:274:11)
    at moduleResolve (node:internal/modules/esm/resolve:859:10)
    at defaultResolve (node:internal/modules/esm/resolve:983:11)
    at ModuleLoader.defaultResolve (node:internal/modules/esm/loader:801:12)
    at ModuleLoader.#cachedDefaultResolve (node:internal/modules/esm/loader:725:25)
    at ModuleLoader.resolve (node:internal/modules/esm/loader:708:38)
    at ModuleLoader.getModuleJobForImport (node:internal/modules/esm/loader:309:38)
    at ModuleJob.#link (node:internal/modules/esm/module_job:208:49)
    at processTicksAndRejections (node:internal/process/task_queues:105:5)
You have triggered an unhandledRejection, you may have forgotten to catch a Promise rejection:
Error: Cannot find module '/Applications/XAMPP/xamppfiles/htdocs/firebase sloane hub/ui/marketplace-ui-react/backend/config/firestore.js' imported from /Applications/XAMPP/xamppfiles/htdocs/firebase sloane hub/ui/marketplace-ui-react/backend/routes/externalApps.js
    at finalizeResolution (node:internal/modules/esm/resolve:274:11)
    at moduleResolve (node:internal/modules/esm/resolve:859:10)
    at defaultResolve (node:internal/modules/esm/resolve:983:11)
    at ModuleLoader.defaultResolve (node:internal/modules/esm/loader:801:12)
    at ModuleLoader.#cachedDefaultResolve (node:internal/modules/esm/loader:725:25)
    at ModuleLoader.resolve (node:internal/modules/esm/loader:708:38)
    at ModuleLoader.getModuleJobForImport (node:internal/modules/esm/loader:309:38)
    at ModuleJob.#link (node:internal/modules/esm/module_job:208:49)
    at processTicksAndRejections (node:internal/process/task_queues:105:5)
You have triggered an unhandledRejection, you may have forgotten to catch a Promise rejection:
Error: Cannot find module '/Applications/XAMPP/xamppfiles/htdocs/firebase sloane hub/ui/marketplace-ui-react/backend/config/firestore.js' imported from /Applications/XAMPP/xamppfiles/htdocs/firebase sloane hub/ui/marketplace-ui-react/backend/routes/externalApps.js
    at finalizeResolution (node:internal/modules/esm/resolve:274:11)
    at moduleResolve (node:internal/modules/esm/resolve:859:10)
    at defaultResolve (node:internal/modules/esm/resolve:983:11)
    at ModuleLoader.defaultResolve (node:internal/modules/esm/loader:801:12)
    at ModuleLoader.#cachedDefaultResolve (node:internal/modules/esm/loader:725:25)
    at ModuleLoader.resolve (node:internal/modules/esm/loader:708:38)
    at ModuleLoader.getModuleJobForImport (node:internal/modules/esm/loader:309:38)
    at ModuleJob.#link (node:internal/modules/esm/module_job:208:49)
    at processTicksAndRejections (node:internal/process/task_queues:105:5)
You have triggered an unhandledRejection, you may have forgotten to catch a Promise rejection:
Error: Cannot find module '/Applications/XAMPP/xamppfiles/htdocs/firebase sloane hub/ui/marketplace-ui-react/backend/config/firestore.js' imported from /Applications/XAMPP/xamppfiles/htdocs/firebase sloane hub/ui/marketplace-ui-react/backend/routes/externalApps.js
    at finalizeResolution (node:internal/modules/esm/resolve:274:11)
    at moduleResolve (node:internal/modules/esm/resolve:859:10)
    at defaultResolve (node:internal/modules/esm/resolve:983:11)
    at ModuleLoader.defaultResolve (node:internal/modules/esm/loader:801:12)
    at ModuleLoader.#cachedDefaultResolve (node:internal/modules/esm/loader:725:25)
    at ModuleLoader.resolve (node:internal/modules/esm/loader:708:38)
    at ModuleLoader.getModuleJobForImport (node:internal/modules/esm/loader:309:38)
    at ModuleJob.#link (node:internal/modules/esm/module_job:208:49)
    at processTicksAndRejections (node:internal/process/task_queues:105:5)
You have triggered an unhandledRejection, you may have forgotten to catch a Promise rejection:
Error: Cannot find module '/Applications/XAMPP/xamppfiles/htdocs/firebase sloane hub/ui/marketplace-ui-react/backend/config/firestore.js' imported from /Applications/XAMPP/xamppfiles/htdocs/firebase sloane hub/ui/marketplace-ui-react/backend/routes/externalApps.js
    at finalizeResolution (node:internal/modules/esm/resolve:274:11)
    at moduleResolve (node:internal/modules/esm/resolve:859:10)
    at defaultResolve (node:internal/modules/esm/resolve:983:11)
    at ModuleLoader.defaultResolve (node:internal/modules/esm/loader:801:12)
    at ModuleLoader.#cachedDefaultResolve (node:internal/modules/esm/loader:725:25)
    at ModuleLoader.resolve (node:internal/modules/esm/loader:708:38)
    at ModuleLoader.getModuleJobForImport (node:internal/modules/esm/loader:309:38)
    at ModuleJob.#link (node:internal/modules/esm/module_job:208:49)
    at processTicksAndRejections (node:internal/process/task_queues:105:5)
You have triggered an unhandledRejection, you may have forgotten to catch a Promise rejection:
Error: Cannot find module '/Applications/XAMPP/xamppfiles/htdocs/firebase sloane hub/ui/marketplace-ui-react/backend/config/firestore.js' imported from /Applications/XAMPP/xamppfiles/htdocs/firebase sloane hub/ui/marketplace-ui-react/backend/routes/externalApps.js
    at finalizeResolution (node:internal/modules/esm/resolve:274:11)
    at moduleResolve (node:internal/modules/esm/resolve:859:10)
    at defaultResolve (node:internal/modules/esm/resolve:983:11)
    at ModuleLoader.defaultResolve (node:internal/modules/esm/loader:801:12)
    at ModuleLoader.#cachedDefaultResolve (node:internal/modules/esm/loader:725:25)
    at ModuleLoader.resolve (node:internal/modules/esm/loader:708:38)
    at ModuleLoader.getModuleJobForImport (node:internal/modules/esm/loader:309:38)
    at ModuleJob.#link (node:internal/modules/esm/module_job:208:49)
    at processTicksAndRejections (node:internal/process/task_queues:105:5)
